<?xml version="1.0" encoding="UTF-8"?>
<testng-results skipped="0" failed="0" ignored="0" total="2" passed="2">
  <reporter-output>
  </reporter-output>
  <suite name="Default suite" duration-ms="43800" started-at="2018-12-31T17:40:54Z" finished-at="2018-12-31T17:41:38Z">
    <groups>
    </groups>
    <test name="Default test" duration-ms="43800" started-at="2018-12-31T17:40:54Z" finished-at="2018-12-31T17:41:38Z">
      <class name="testcases.TestCaseOne">
        <test-method status="PASS" signature="beforeMethod()[pri:0, instance:testcases.TestCaseOne@2a2d45ba]" name="beforeMethod" is-config="true" duration-ms="23872" started-at="2018-12-31T12:40:54Z" finished-at="2018-12-31T12:41:18Z">
          <reporter-output>
          </reporter-output>
        </test-method> <!-- beforeMethod -->
        <test-method status="PASS" signature="herbalteaTest()[pri:0, instance:testcases.TestCaseOne@2a2d45ba]" name="herbalteaTest" duration-ms="398" started-at="2018-12-31T12:41:18Z" finished-at="2018-12-31T12:41:19Z">
          <reporter-output>
          </reporter-output>
        </test-method> <!-- herbalteaTest -->
        <test-method status="PASS" signature="afterMethod()[pri:0, instance:testcases.TestCaseOne@2a2d45ba]" name="afterMethod" is-config="true" duration-ms="1059" started-at="2018-12-31T12:41:19Z" finished-at="2018-12-31T12:41:20Z">
          <reporter-output>
          </reporter-output>
        </test-method> <!-- afterMethod -->
        <test-method status="PASS" signature="beforeMethod()[pri:0, instance:testcases.TestCaseOne@2a2d45ba]" name="beforeMethod" is-config="true" duration-ms="16905" started-at="2018-12-31T12:41:20Z" finished-at="2018-12-31T12:41:37Z">
          <reporter-output>
          </reporter-output>
        </test-method> <!-- beforeMethod -->
        <test-method status="PASS" signature="titleTest()[pri:0, instance:testcases.TestCaseOne@2a2d45ba]" name="titleTest" duration-ms="27" started-at="2018-12-31T12:41:37Z" finished-at="2018-12-31T12:41:37Z">
          <reporter-output>
          </reporter-output>
        </test-method> <!-- titleTest -->
        <test-method status="PASS" signature="afterMethod()[pri:0, instance:testcases.TestCaseOne@2a2d45ba]" name="afterMethod" is-config="true" duration-ms="1443" started-at="2018-12-31T12:41:37Z" finished-at="2018-12-31T12:41:38Z">
          <reporter-output>
          </reporter-output>
        </test-method> <!-- afterMethod -->
      </class> <!-- testcases.TestCaseOne -->
    </test> <!-- Default test -->
  </suite> <!-- Default suite -->
</testng-results>
